<?xml version="1.0" encoding="UTF-8"?>
<!-- Generated by org.testng.reporters.JUnitXMLReporter -->
<testsuite ignored="0" hostname="IN3394123W1" failures="1" tests="2" name="Test1" time="0.088" errors="0" timestamp="2025-11-15T18:19:00 IST">
  <testcase classname="in.ey.demotestng.SampleTest1" name="m1" time="0.023"/>
  <testcase classname="in.ey.demotestng.SampleTest1" name="m2" time="0.004">
    <failure type="java.lang.AssertionError" message="Intentially failed expected [true] but found [false]">
      <![CDATA[java.lang.AssertionError: Intentially failed expected [true] but found [false]
at in.ey.demotestng.SampleTest1.m2(SampleTest1.java:19)
at java.base/java.util.ArrayList.forEach(ArrayList.java:1511)
... Removed 28 stack frames]]>
    </failure>
  </testcase> <!-- m2 -->
</testsuite> <!-- Test1 -->
