<?xml version="1.0" encoding="UTF-8"?>
<!-- Generated by org.testng.reporters.JUnitXMLReporter -->
<testsuite ignored="0" hostname="IN3394123W1" failures="1" tests="2" name="Test2" time="0.008" errors="0" timestamp="2025-11-15T18:19:00 IST">
  <testcase classname="in.ey.demotestng.SampleTest2" name="m3" time="0.002"/>
  <testcase classname="in.ey.demotestng.SampleTest2" name="m4" time="0.002">
    <failure type="java.lang.AssertionError" message="expected [true] but found [false]">
      <![CDATA[java.lang.AssertionError: expected [true] but found [false]
at in.ey.demotestng.SampleTest2.m4(SampleTest2.java:17)
at java.base/java.util.ArrayList.forEach(ArrayList.java:1511)
... Removed 29 stack frames]]>
    </failure>
  </testcase> <!-- m4 -->
</testsuite> <!-- Test2 -->
