<?xml version="1.0" encoding="UTF-8"?>
<testng-results ignored="0" total="2" passed="2" failed="0" skipped="0">
  <reporter-output>
  </reporter-output>
  <suite started-at="2025-11-18T18:55:59 IST" name="Surefire suite" finished-at="2025-11-18T18:56:06 IST" duration-ms="6614">
    <groups>
    </groups>
    <test started-at="2025-11-18T18:55:59 IST" name="Surefire test" finished-at="2025-11-18T18:56:06 IST" duration-ms="6614">
      <class name="in.ey.demotestng.DemoTest">
        <test-method signature="test1()[pri:0, instance:in.ey.demotestng.DemoTest@7e4204e2]" started-at="2025-11-18T18:55:59 IST" name="test1" finished-at="2025-11-18T18:56:03 IST" duration-ms="4152" status="PASS">
          <reporter-output>
          </reporter-output>
        </test-method> <!-- test1 -->
        <test-method signature="test2()[pri:0, instance:in.ey.demotestng.DemoTest@7e4204e2]" started-at="2025-11-18T18:56:03 IST" name="test2" finished-at="2025-11-18T18:56:06 IST" duration-ms="2401" status="PASS">
          <reporter-output>
          </reporter-output>
        </test-method> <!-- test2 -->
      </class> <!-- in.ey.demotestng.DemoTest -->
    </test> <!-- Surefire test -->
  </suite> <!-- Surefire suite -->
</testng-results>
