<?xml version="1.0" encoding="UTF-8"?>
<!-- Generated by org.testng.reporters.JUnitReportReporter -->
<testsuite hostname="IN3394123W1" failures="0" tests="44" name="in.ey.demotestng.SampleTest1" time="0.111" errors="0" timestamp="2025-11-16T22:21:39 IST" skipped="0">
  <testcase classname="in.ey.demotestng.SampleTest1" name="m1" time="0.001"/>
  <system-out/>
  <testcase classname="in.ey.demotestng.SampleTest1" name="m1" time="0.000"/>
  <system-out/>
  <testcase classname="in.ey.demotestng.SampleTest1" name="m1" time="0.002"/>
  <system-out/>
  <testcase classname="in.ey.demotestng.SampleTest1" name="m1" time="0.001"/>
  <system-out/>
  <testcase classname="in.ey.demotestng.SampleTest1" name="m1" time="0.003"/>
  <system-out/>
  <testcase classname="in.ey.demotestng.SampleTest1" name="m1" time="0.001"/>
  <system-out/>
  <testcase classname="in.ey.demotestng.SampleTest1" name="m1" time="0.004"/>
  <system-out/>
  <testcase classname="in.ey.demotestng.SampleTest1" name="m1" time="0.001"/>
  <system-out/>
  <testcase classname="in.ey.demotestng.SampleTest1" name="m1" time="0.000"/>
  <system-out/>
  <testcase classname="in.ey.demotestng.SampleTest1" name="m1" time="0.001"/>
  <system-out/>
  <testcase classname="in.ey.demotestng.SampleTest1" name="m1" time="0.019"/>
  <system-out/>
  <testcase classname="in.ey.demotestng.SampleTest1" name="m1" time="0.006"/>
  <system-out/>
  <testcase classname="in.ey.demotestng.SampleTest1" name="m1" time="0.001"/>
  <system-out/>
  <testcase classname="in.ey.demotestng.SampleTest1" name="m1" time="0.006"/>
  <system-out/>
  <testcase classname="in.ey.demotestng.SampleTest1" name="m1" time="0.002"/>
  <system-out/>
  <testcase classname="in.ey.demotestng.SampleTest1" name="m1" time="0.001"/>
  <system-out/>
  <testcase classname="in.ey.demotestng.SampleTest1" name="m1" time="0.002"/>
  <system-out/>
  <testcase classname="in.ey.demotestng.SampleTest1" name="m1" time="0.006"/>
  <system-out/>
  <testcase classname="in.ey.demotestng.SampleTest1" name="m1" time="0.002"/>
  <system-out/>
  <testcase classname="in.ey.demotestng.SampleTest1" name="m1" time="0.001"/>
  <system-out/>
  <testcase classname="in.ey.demotestng.SampleTest1" name="m1" time="0.002"/>
  <system-out/>
  <testcase classname="in.ey.demotestng.SampleTest1" name="m1" time="0.001"/>
  <system-out/>
  <testcase classname="in.ey.demotestng.SampleTest1" name="m1" time="0.001"/>
  <system-out/>
  <testcase classname="in.ey.demotestng.SampleTest1" name="m1" time="0.001"/>
  <system-out/>
  <testcase classname="in.ey.demotestng.SampleTest1" name="m1" time="0.002"/>
  <system-out/>
  <testcase classname="in.ey.demotestng.SampleTest1" name="m1" time="0.001"/>
  <system-out/>
  <testcase classname="in.ey.demotestng.SampleTest1" name="m1" time="0.001"/>
  <system-out/>
  <testcase classname="in.ey.demotestng.SampleTest1" name="m1" time="0.001"/>
  <system-out/>
  <testcase classname="in.ey.demotestng.SampleTest1" name="m1" time="0.001"/>
  <system-out/>
  <testcase classname="in.ey.demotestng.SampleTest1" name="m1" time="0.000"/>
  <system-out/>
  <testcase classname="in.ey.demotestng.SampleTest1" name="m1" time="0.001"/>
  <system-out/>
  <testcase classname="in.ey.demotestng.SampleTest1" name="m1" time="0.001"/>
  <system-out/>
  <testcase classname="in.ey.demotestng.SampleTest1" name="m1" time="0.001"/>
  <system-out/>
  <testcase classname="in.ey.demotestng.SampleTest1" name="m1" time="0.000"/>
  <system-out/>
  <testcase classname="in.ey.demotestng.SampleTest1" name="m1" time="0.008"/>
  <system-out/>
  <testcase classname="in.ey.demotestng.SampleTest1" name="m1" time="0.002"/>
  <system-out/>
  <testcase classname="in.ey.demotestng.SampleTest1" name="m1" time="0.001"/>
  <system-out/>
  <testcase classname="in.ey.demotestng.SampleTest1" name="m1" time="0.018"/>
  <system-out/>
  <testcase classname="in.ey.demotestng.SampleTest1" name="m1" time="0.000"/>
  <system-out/>
  <testcase classname="in.ey.demotestng.SampleTest1" name="m1" time="0.001"/>
  <system-out/>
  <testcase classname="in.ey.demotestng.SampleTest1" name="m1" time="0.002"/>
  <system-out/>
  <testcase classname="in.ey.demotestng.SampleTest1" name="m1" time="0.001"/>
  <system-out/>
  <testcase classname="in.ey.demotestng.SampleTest1" name="m1" time="0.002"/>
  <system-out/>
  <testcase classname="in.ey.demotestng.SampleTest1" name="m1" time="0.002"/>
  <system-out/>
</testsuite> <!-- in.ey.demotestng.SampleTest1 -->
