<?xml version="1.0" encoding="UTF-8"?>
<!-- Generated by org.testng.reporters.JUnitReportReporter -->
<testsuite hostname="IN3394123W1" failures="0" tests="6" name="in.ey.demotestng.SampleTest2" time="0.175" errors="0" timestamp="2025-11-17T20:17:34 IST" skipped="0">
  <testcase classname="in.ey.demotestng.SampleTest2" name="m5" time="0.034"/>
  <system-out/>
  <testcase classname="in.ey.demotestng.SampleTest2" name="m2" time="0.034"/>
  <system-out/>
  <testcase classname="in.ey.demotestng.SampleTest2" name="m3" time="0.034"/>
  <system-out/>
  <testcase classname="in.ey.demotestng.SampleTest2" name="m6" time="0.004"/>
  <system-out/>
  <testcase classname="in.ey.demotestng.SampleTest2" name="m4" time="0.035"/>
  <system-out/>
  <testcase classname="in.ey.demotestng.SampleTest2" name="m1" time="0.034"/>
  <system-out/>
</testsuite> <!-- in.ey.demotestng.SampleTest2 -->
